2024-10-16 13:23:12,739 DEBUG    root            Loaded Command Group: ['gcloud', 'components']
2024-10-16 13:23:12,743 DEBUG    root            Loaded Command Group: ['gcloud', 'components', 'update']
2024-10-16 13:23:12,746 DEBUG    root            Running [gcloud.components.update] with arguments: [--compile-python: "True", --quiet: "True", COMPONENT-IDS:6: "['core', 'gcloud-deps', 'bq', 'gcloud', 'gcloud-crc32c', 'gsutil']"]
2024-10-16 13:23:12,747 INFO     ___FILE_ONLY___ Beginning update. This process may take several minutes.

2024-10-16 13:23:12,779 DEBUG    urllib3.connectionpool Starting new HTTPS connection (1): dl.google.com:443
2024-10-16 13:23:12,852 DEBUG    urllib3.connectionpool https://dl.google.com:443 "GET /dl/cloudsdk/channels/rapid/components-2.json HTTP/1.1" 200 226997
2024-10-16 13:23:12,872 INFO     ___FILE_ONLY___ 

2024-10-16 13:23:12,873 INFO     ___FILE_ONLY___ 
Your current Google Cloud CLI version is: 497.0.0

2024-10-16 13:23:12,873 INFO     ___FILE_ONLY___ Installing components from version: 497.0.0

2024-10-16 13:23:12,873 INFO     ___FILE_ONLY___ 

2024-10-16 13:23:12,873 DEBUG    root            Chosen display Format:table[box,title="These components will be removed."](details.display_name:label=Name:align=left,version.version_string:label=Version:align=right,data.size.size(zero="",min=1048576):label=Size:align=right)
2024-10-16 13:23:12,874 DEBUG    root            Chosen display Format:table[box,title="These components will be updated."](details.display_name:label=Name:align=left,version.version_string:label=Version:align=right,data.size.size(zero="",min=1048576):label=Size:align=right)
2024-10-16 13:23:12,875 DEBUG    root            Chosen display Format:table[box,title="These components will be installed."](details.display_name:label=Name:align=left,version.version_string:label=Version:align=right,data.size.size(zero="",min=1048576):label=Size:align=right)
2024-10-16 13:23:12,920 INFO     ___FILE_ONLY___ ┌─────────────────────────────────────────────────────────────────────────────┐
2024-10-16 13:23:12,921 INFO     ___FILE_ONLY___ 

2024-10-16 13:23:12,921 INFO     ___FILE_ONLY___ │                     These components will be installed.                     │
2024-10-16 13:23:12,921 INFO     ___FILE_ONLY___ 

2024-10-16 13:23:12,921 INFO     ___FILE_ONLY___ ├─────────────────────────────────────────────────────┬────────────┬──────────┤
2024-10-16 13:23:12,921 INFO     ___FILE_ONLY___ 

2024-10-16 13:23:12,921 INFO     ___FILE_ONLY___ │                         Name                        │  Version   │   Size   │
2024-10-16 13:23:12,921 INFO     ___FILE_ONLY___ 

2024-10-16 13:23:12,921 INFO     ___FILE_ONLY___ ├─────────────────────────────────────────────────────┼────────────┼──────────┤
2024-10-16 13:23:12,921 INFO     ___FILE_ONLY___ 

2024-10-16 13:23:12,921 INFO     ___FILE_ONLY___ │ 
2024-10-16 13:23:12,921 INFO     ___FILE_ONLY___ BigQuery Command Line Tool                         
2024-10-16 13:23:12,921 INFO     ___FILE_ONLY___  
2024-10-16 13:23:12,922 INFO     ___FILE_ONLY___ │ 
2024-10-16 13:23:12,922 INFO     ___FILE_ONLY___      2.1.9
2024-10-16 13:23:12,922 INFO     ___FILE_ONLY___  
2024-10-16 13:23:12,922 INFO     ___FILE_ONLY___ │ 
2024-10-16 13:23:12,922 INFO     ___FILE_ONLY___  1.7 MiB
2024-10-16 13:23:12,922 INFO     ___FILE_ONLY___  
2024-10-16 13:23:12,922 INFO     ___FILE_ONLY___ │
2024-10-16 13:23:12,922 INFO     ___FILE_ONLY___ 

2024-10-16 13:23:12,922 INFO     ___FILE_ONLY___ │ 
2024-10-16 13:23:12,922 INFO     ___FILE_ONLY___ BigQuery Command Line Tool (Platform Specific)     
2024-10-16 13:23:12,922 INFO     ___FILE_ONLY___  
2024-10-16 13:23:12,922 INFO     ___FILE_ONLY___ │ 
2024-10-16 13:23:12,922 INFO     ___FILE_ONLY___      2.1.8
2024-10-16 13:23:12,922 INFO     ___FILE_ONLY___  
2024-10-16 13:23:12,923 INFO     ___FILE_ONLY___ │ 
2024-10-16 13:23:12,923 INFO     ___FILE_ONLY___  < 1 MiB
2024-10-16 13:23:12,923 INFO     ___FILE_ONLY___  
2024-10-16 13:23:12,923 INFO     ___FILE_ONLY___ │
2024-10-16 13:23:12,923 INFO     ___FILE_ONLY___ 

2024-10-16 13:23:12,923 INFO     ___FILE_ONLY___ │ 
2024-10-16 13:23:12,923 INFO     ___FILE_ONLY___ Bundled Python 3.11 (Platform Specific)            
2024-10-16 13:23:12,923 INFO     ___FILE_ONLY___  
2024-10-16 13:23:12,923 INFO     ___FILE_ONLY___ │ 
2024-10-16 13:23:12,923 INFO     ___FILE_ONLY___     3.11.9
2024-10-16 13:23:12,923 INFO     ___FILE_ONLY___  
2024-10-16 13:23:12,923 INFO     ___FILE_ONLY___ │ 
2024-10-16 13:23:12,923 INFO     ___FILE_ONLY___ 74.4 MiB
2024-10-16 13:23:12,924 INFO     ___FILE_ONLY___  
2024-10-16 13:23:12,924 INFO     ___FILE_ONLY___ │
2024-10-16 13:23:12,924 INFO     ___FILE_ONLY___ 

2024-10-16 13:23:12,924 INFO     ___FILE_ONLY___ │ 
2024-10-16 13:23:12,924 INFO     ___FILE_ONLY___ Cloud Storage Command Line Tool                    
2024-10-16 13:23:12,924 INFO     ___FILE_ONLY___  
2024-10-16 13:23:12,924 INFO     ___FILE_ONLY___ │ 
2024-10-16 13:23:12,924 INFO     ___FILE_ONLY___       5.31
2024-10-16 13:23:12,924 INFO     ___FILE_ONLY___  
2024-10-16 13:23:12,924 INFO     ___FILE_ONLY___ │ 
2024-10-16 13:23:12,924 INFO     ___FILE_ONLY___ 11.3 MiB
2024-10-16 13:23:12,924 INFO     ___FILE_ONLY___  
2024-10-16 13:23:12,924 INFO     ___FILE_ONLY___ │
2024-10-16 13:23:12,924 INFO     ___FILE_ONLY___ 

2024-10-16 13:23:12,925 INFO     ___FILE_ONLY___ │ 
2024-10-16 13:23:12,925 INFO     ___FILE_ONLY___ Cloud Storage Command Line Tool (Platform Specific)
2024-10-16 13:23:12,925 INFO     ___FILE_ONLY___  
2024-10-16 13:23:12,925 INFO     ___FILE_ONLY___ │ 
2024-10-16 13:23:12,925 INFO     ___FILE_ONLY___       5.30
2024-10-16 13:23:12,925 INFO     ___FILE_ONLY___  
2024-10-16 13:23:12,925 INFO     ___FILE_ONLY___ │ 
2024-10-16 13:23:12,925 INFO     ___FILE_ONLY___  < 1 MiB
2024-10-16 13:23:12,925 INFO     ___FILE_ONLY___  
2024-10-16 13:23:12,925 INFO     ___FILE_ONLY___ │
2024-10-16 13:23:12,925 INFO     ___FILE_ONLY___ 

2024-10-16 13:23:12,925 INFO     ___FILE_ONLY___ │ 
2024-10-16 13:23:12,925 INFO     ___FILE_ONLY___ Google Cloud CLI Core Libraries (Platform Specific)
2024-10-16 13:23:12,925 INFO     ___FILE_ONLY___  
2024-10-16 13:23:12,925 INFO     ___FILE_ONLY___ │ 
2024-10-16 13:23:12,926 INFO     ___FILE_ONLY___ 2024.08.30
2024-10-16 13:23:12,926 INFO     ___FILE_ONLY___  
2024-10-16 13:23:12,926 INFO     ___FILE_ONLY___ │ 
2024-10-16 13:23:12,926 INFO     ___FILE_ONLY___  < 1 MiB
2024-10-16 13:23:12,926 INFO     ___FILE_ONLY___  
2024-10-16 13:23:12,926 INFO     ___FILE_ONLY___ │
2024-10-16 13:23:12,926 INFO     ___FILE_ONLY___ 

2024-10-16 13:23:12,926 INFO     ___FILE_ONLY___ │ 
2024-10-16 13:23:12,926 INFO     ___FILE_ONLY___ Google Cloud CRC32C Hash Tool (Platform Specific)  
2024-10-16 13:23:12,926 INFO     ___FILE_ONLY___  
2024-10-16 13:23:12,926 INFO     ___FILE_ONLY___ │ 
2024-10-16 13:23:12,926 INFO     ___FILE_ONLY___      1.0.0
2024-10-16 13:23:12,926 INFO     ___FILE_ONLY___  
2024-10-16 13:23:12,926 INFO     ___FILE_ONLY___ │ 
2024-10-16 13:23:12,927 INFO     ___FILE_ONLY___  1.3 MiB
2024-10-16 13:23:12,927 INFO     ___FILE_ONLY___  
2024-10-16 13:23:12,927 INFO     ___FILE_ONLY___ │
2024-10-16 13:23:12,927 INFO     ___FILE_ONLY___ 

2024-10-16 13:23:12,927 INFO     ___FILE_ONLY___ │ 
2024-10-16 13:23:12,927 INFO     ___FILE_ONLY___ gcloud cli dependencies (Platform Specific)        
2024-10-16 13:23:12,927 INFO     ___FILE_ONLY___  
2024-10-16 13:23:12,927 INFO     ___FILE_ONLY___ │ 
2024-10-16 13:23:12,927 INFO     ___FILE_ONLY___ 2021.04.16
2024-10-16 13:23:12,927 INFO     ___FILE_ONLY___  
2024-10-16 13:23:12,927 INFO     ___FILE_ONLY___ │ 
2024-10-16 13:23:12,927 INFO     ___FILE_ONLY___  < 1 MiB
2024-10-16 13:23:12,927 INFO     ___FILE_ONLY___  
2024-10-16 13:23:12,927 INFO     ___FILE_ONLY___ │
2024-10-16 13:23:12,928 INFO     ___FILE_ONLY___ 

2024-10-16 13:23:12,928 INFO     ___FILE_ONLY___ └─────────────────────────────────────────────────────┴────────────┴──────────┘
2024-10-16 13:23:12,928 INFO     ___FILE_ONLY___ 

2024-10-16 13:23:12,928 INFO     ___FILE_ONLY___ 

2024-10-16 13:23:12,931 DEBUG    urllib3.connectionpool Starting new HTTPS connection (1): dl.google.com:443
2024-10-16 13:23:13,024 DEBUG    urllib3.connectionpool https://dl.google.com:443 "GET /dl/cloudsdk/channels/rapid/RELEASE_NOTES HTTP/1.1" 200 1291948
2024-10-16 13:23:13,152 INFO     ___FILE_ONLY___ For the latest full release notes, please visit:
  https://cloud.google.com/sdk/release_notes


2024-10-16 13:23:13,152 INFO     ___FILE_ONLY___ Performing in place update...


2024-10-16 13:23:13,154 INFO     ___FILE_ONLY___ ╔════════════════════════════════════════════════════════════╗

2024-10-16 13:23:13,154 INFO     ___FILE_ONLY___ ╠═ Downloading: BigQuery Command Line Tool                  ═╣

2024-10-16 13:23:13,154 INFO     ___FILE_ONLY___ ╚
2024-10-16 13:23:13,158 DEBUG    urllib3.connectionpool Starting new HTTPS connection (1): dl.google.com:443
2024-10-16 13:23:13,252 DEBUG    urllib3.connectionpool https://dl.google.com:443 "GET /dl/cloudsdk/channels/rapid/components/google-cloud-sdk-bq-20241011151610.tar.gz HTTP/1.1" 200 1831026
2024-10-16 13:23:13,325 INFO     ___FILE_ONLY___ ═
2024-10-16 13:23:13,326 INFO     ___FILE_ONLY___ ═
2024-10-16 13:23:13,326 INFO     ___FILE_ONLY___ ═
2024-10-16 13:23:13,326 INFO     ___FILE_ONLY___ ═
2024-10-16 13:23:13,326 INFO     ___FILE_ONLY___ ═
2024-10-16 13:23:13,326 INFO     ___FILE_ONLY___ ═
2024-10-16 13:23:13,326 INFO     ___FILE_ONLY___ ═
2024-10-16 13:23:13,326 INFO     ___FILE_ONLY___ ═
2024-10-16 13:23:13,327 INFO     ___FILE_ONLY___ ═
2024-10-16 13:23:13,327 INFO     ___FILE_ONLY___ ═
2024-10-16 13:23:13,327 INFO     ___FILE_ONLY___ ═
2024-10-16 13:23:13,327 INFO     ___FILE_ONLY___ ═
2024-10-16 13:23:13,327 INFO     ___FILE_ONLY___ ═
2024-10-16 13:23:13,327 INFO     ___FILE_ONLY___ ═
2024-10-16 13:23:13,327 INFO     ___FILE_ONLY___ ═
2024-10-16 13:23:13,327 INFO     ___FILE_ONLY___ ═
2024-10-16 13:23:13,328 INFO     ___FILE_ONLY___ ═
2024-10-16 13:23:13,328 INFO     ___FILE_ONLY___ ═
2024-10-16 13:23:13,328 INFO     ___FILE_ONLY___ ═
2024-10-16 13:23:13,328 INFO     ___FILE_ONLY___ ═
2024-10-16 13:23:13,328 INFO     ___FILE_ONLY___ ═
2024-10-16 13:23:13,328 INFO     ___FILE_ONLY___ ═
2024-10-16 13:23:13,328 INFO     ___FILE_ONLY___ ═
2024-10-16 13:23:13,328 INFO     ___FILE_ONLY___ ═
2024-10-16 13:23:13,328 INFO     ___FILE_ONLY___ ═
2024-10-16 13:23:13,329 INFO     ___FILE_ONLY___ ═
2024-10-16 13:23:13,329 INFO     ___FILE_ONLY___ ═
2024-10-16 13:23:13,329 INFO     ___FILE_ONLY___ ═
2024-10-16 13:23:13,329 INFO     ___FILE_ONLY___ ═
2024-10-16 13:23:13,329 INFO     ___FILE_ONLY___ ═
2024-10-16 13:23:13,329 INFO     ___FILE_ONLY___ ═
2024-10-16 13:23:13,329 INFO     ___FILE_ONLY___ ═
2024-10-16 13:23:13,329 INFO     ___FILE_ONLY___ ═
2024-10-16 13:23:13,330 INFO     ___FILE_ONLY___ ═
2024-10-16 13:23:13,330 INFO     ___FILE_ONLY___ ═
2024-10-16 13:23:13,330 INFO     ___FILE_ONLY___ ═
2024-10-16 13:23:13,330 INFO     ___FILE_ONLY___ ═
2024-10-16 13:23:13,330 INFO     ___FILE_ONLY___ ═
2024-10-16 13:23:13,330 INFO     ___FILE_ONLY___ ═
2024-10-16 13:23:13,330 INFO     ___FILE_ONLY___ ═
2024-10-16 13:23:13,330 INFO     ___FILE_ONLY___ ═
2024-10-16 13:23:13,330 INFO     ___FILE_ONLY___ ═
2024-10-16 13:23:13,331 INFO     ___FILE_ONLY___ ═
2024-10-16 13:23:13,331 INFO     ___FILE_ONLY___ ═
2024-10-16 13:23:13,331 INFO     ___FILE_ONLY___ ═
2024-10-16 13:23:13,331 INFO     ___FILE_ONLY___ ═
2024-10-16 13:23:13,331 INFO     ___FILE_ONLY___ ═
2024-10-16 13:23:13,331 INFO     ___FILE_ONLY___ ═
2024-10-16 13:23:13,331 INFO     ___FILE_ONLY___ ═
2024-10-16 13:23:13,331 INFO     ___FILE_ONLY___ ═
2024-10-16 13:23:13,332 INFO     ___FILE_ONLY___ ═
2024-10-16 13:23:13,332 INFO     ___FILE_ONLY___ ═
2024-10-16 13:23:13,332 INFO     ___FILE_ONLY___ ═
2024-10-16 13:23:13,332 INFO     ___FILE_ONLY___ ═
2024-10-16 13:23:13,332 INFO     ___FILE_ONLY___ ═
2024-10-16 13:23:13,332 INFO     ___FILE_ONLY___ ═
2024-10-16 13:23:13,332 INFO     ___FILE_ONLY___ ═
2024-10-16 13:23:13,332 INFO     ___FILE_ONLY___ ═
2024-10-16 13:23:13,332 INFO     ___FILE_ONLY___ ═
2024-10-16 13:23:13,333 INFO     ___FILE_ONLY___ ═
2024-10-16 13:23:13,333 INFO     ___FILE_ONLY___ ╝

2024-10-16 13:23:13,335 INFO     ___FILE_ONLY___ ╔════════════════════════════════════════════════════════════╗

2024-10-16 13:23:13,335 INFO     ___FILE_ONLY___ ╠═ Downloading: BigQuery Command Line Tool (Platform Spe... ═╣

2024-10-16 13:23:13,335 INFO     ___FILE_ONLY___ ╚
2024-10-16 13:23:13,339 DEBUG    urllib3.connectionpool Starting new HTTPS connection (1): dl.google.com:443
2024-10-16 13:23:13,411 DEBUG    urllib3.connectionpool https://dl.google.com:443 "GET /dl/cloudsdk/channels/rapid/components/google-cloud-sdk-bq-nix-20240830134514.tar.gz HTTP/1.1" 200 1914
2024-10-16 13:23:13,412 INFO     ___FILE_ONLY___ ════════════════════════════════════════════════════════════
2024-10-16 13:23:13,412 INFO     ___FILE_ONLY___ ╝

2024-10-16 13:23:13,414 INFO     ___FILE_ONLY___ ╔════════════════════════════════════════════════════════════╗

2024-10-16 13:23:13,414 INFO     ___FILE_ONLY___ ╠═ Downloading: Bundled Python 3.11                         ═╣

2024-10-16 13:23:13,414 INFO     ___FILE_ONLY___ ╚
2024-10-16 13:23:13,414 INFO     ___FILE_ONLY___ ════════════════════════════════════════════════════════════
2024-10-16 13:23:13,414 INFO     ___FILE_ONLY___ ╝

2024-10-16 13:23:13,417 INFO     ___FILE_ONLY___ ╔════════════════════════════════════════════════════════════╗

2024-10-16 13:23:13,417 INFO     ___FILE_ONLY___ ╠═ Downloading: Bundled Python 3.11 (Platform Specific)     ═╣

2024-10-16 13:23:13,417 INFO     ___FILE_ONLY___ ╚
2024-10-16 13:23:13,420 DEBUG    urllib3.connectionpool Starting new HTTPS connection (1): dl.google.com:443
2024-10-16 13:23:13,513 DEBUG    urllib3.connectionpool https://dl.google.com:443 "GET /dl/cloudsdk/channels/rapid/components/google-cloud-sdk-bundled-python3-unix-linux-x86_64-20240920144119.tar.gz HTTP/1.1" 200 78001783
2024-10-16 13:23:15,084 INFO     ___FILE_ONLY___ ═
2024-10-16 13:23:15,086 INFO     ___FILE_ONLY___ ═
2024-10-16 13:23:15,088 INFO     ___FILE_ONLY___ ═
2024-10-16 13:23:15,090 INFO     ___FILE_ONLY___ ═
2024-10-16 13:23:15,091 INFO     ___FILE_ONLY___ ═
2024-10-16 13:23:15,093 INFO     ___FILE_ONLY___ ═
2024-10-16 13:23:15,095 INFO     ___FILE_ONLY___ ═
2024-10-16 13:23:15,097 INFO     ___FILE_ONLY___ ═
2024-10-16 13:23:15,098 INFO     ___FILE_ONLY___ ═
2024-10-16 13:23:15,100 INFO     ___FILE_ONLY___ ═
2024-10-16 13:23:15,102 INFO     ___FILE_ONLY___ ═
2024-10-16 13:23:15,104 INFO     ___FILE_ONLY___ ═
2024-10-16 13:23:15,105 INFO     ___FILE_ONLY___ ═
2024-10-16 13:23:15,107 INFO     ___FILE_ONLY___ ═
2024-10-16 13:23:15,109 INFO     ___FILE_ONLY___ ═
2024-10-16 13:23:15,111 INFO     ___FILE_ONLY___ ═
2024-10-16 13:23:15,112 INFO     ___FILE_ONLY___ ═
2024-10-16 13:23:15,114 INFO     ___FILE_ONLY___ ═
2024-10-16 13:23:15,116 INFO     ___FILE_ONLY___ ═
2024-10-16 13:23:15,118 INFO     ___FILE_ONLY___ ═
2024-10-16 13:23:15,119 INFO     ___FILE_ONLY___ ═
2024-10-16 13:23:15,121 INFO     ___FILE_ONLY___ ═
2024-10-16 13:23:15,123 INFO     ___FILE_ONLY___ ═
2024-10-16 13:23:15,125 INFO     ___FILE_ONLY___ ═
2024-10-16 13:23:15,126 INFO     ___FILE_ONLY___ ═
2024-10-16 13:23:15,128 INFO     ___FILE_ONLY___ ═
2024-10-16 13:23:15,130 INFO     ___FILE_ONLY___ ═
2024-10-16 13:23:15,132 INFO     ___FILE_ONLY___ ═
2024-10-16 13:23:15,134 INFO     ___FILE_ONLY___ ═
2024-10-16 13:23:15,136 INFO     ___FILE_ONLY___ ═
2024-10-16 13:23:15,137 INFO     ___FILE_ONLY___ ═
2024-10-16 13:23:15,139 INFO     ___FILE_ONLY___ ═
2024-10-16 13:23:15,141 INFO     ___FILE_ONLY___ ═
2024-10-16 13:23:15,143 INFO     ___FILE_ONLY___ ═
2024-10-16 13:23:15,144 INFO     ___FILE_ONLY___ ═
2024-10-16 13:23:15,146 INFO     ___FILE_ONLY___ ═
2024-10-16 13:23:15,148 INFO     ___FILE_ONLY___ ═
2024-10-16 13:23:15,150 INFO     ___FILE_ONLY___ ═
2024-10-16 13:23:15,152 INFO     ___FILE_ONLY___ ═
2024-10-16 13:23:15,153 INFO     ___FILE_ONLY___ ═
2024-10-16 13:23:15,155 INFO     ___FILE_ONLY___ ═
2024-10-16 13:23:15,157 INFO     ___FILE_ONLY___ ═
2024-10-16 13:23:15,158 INFO     ___FILE_ONLY___ ═
2024-10-16 13:23:15,160 INFO     ___FILE_ONLY___ ═
2024-10-16 13:23:15,162 INFO     ___FILE_ONLY___ ═
2024-10-16 13:23:15,164 INFO     ___FILE_ONLY___ ═
2024-10-16 13:23:15,165 INFO     ___FILE_ONLY___ ═
2024-10-16 13:23:15,167 INFO     ___FILE_ONLY___ ═
2024-10-16 13:23:15,169 INFO     ___FILE_ONLY___ ═
2024-10-16 13:23:15,171 INFO     ___FILE_ONLY___ ═
2024-10-16 13:23:15,172 INFO     ___FILE_ONLY___ ═
2024-10-16 13:23:15,174 INFO     ___FILE_ONLY___ ═
2024-10-16 13:23:15,176 INFO     ___FILE_ONLY___ ═
2024-10-16 13:23:15,178 INFO     ___FILE_ONLY___ ═
2024-10-16 13:23:15,180 INFO     ___FILE_ONLY___ ═
2024-10-16 13:23:15,181 INFO     ___FILE_ONLY___ ═
2024-10-16 13:23:15,183 INFO     ___FILE_ONLY___ ═
2024-10-16 13:23:15,185 INFO     ___FILE_ONLY___ ═
2024-10-16 13:23:15,187 INFO     ___FILE_ONLY___ ═
2024-10-16 13:23:15,189 INFO     ___FILE_ONLY___ ═
2024-10-16 13:23:15,189 INFO     ___FILE_ONLY___ ╝

2024-10-16 13:23:15,191 INFO     ___FILE_ONLY___ ╔════════════════════════════════════════════════════════════╗

2024-10-16 13:23:15,192 INFO     ___FILE_ONLY___ ╠═ Downloading: Cloud Storage Command Line Tool             ═╣

2024-10-16 13:23:15,192 INFO     ___FILE_ONLY___ ╚
2024-10-16 13:23:15,201 DEBUG    urllib3.connectionpool Starting new HTTPS connection (1): dl.google.com:443
2024-10-16 13:23:15,298 DEBUG    urllib3.connectionpool https://dl.google.com:443 "GET /dl/cloudsdk/channels/rapid/components/google-cloud-sdk-gsutil-20241011151610.tar.gz HTTP/1.1" 200 11831021
2024-10-16 13:23:15,508 INFO     ___FILE_ONLY___ ═
2024-10-16 13:23:15,509 INFO     ___FILE_ONLY___ ═
2024-10-16 13:23:15,509 INFO     ___FILE_ONLY___ ═
2024-10-16 13:23:15,510 INFO     ___FILE_ONLY___ ═
2024-10-16 13:23:15,510 INFO     ___FILE_ONLY___ ═
2024-10-16 13:23:15,510 INFO     ___FILE_ONLY___ ═
2024-10-16 13:23:15,511 INFO     ___FILE_ONLY___ ═
2024-10-16 13:23:15,511 INFO     ___FILE_ONLY___ ═
2024-10-16 13:23:15,511 INFO     ___FILE_ONLY___ ═
2024-10-16 13:23:15,512 INFO     ___FILE_ONLY___ ═
2024-10-16 13:23:15,512 INFO     ___FILE_ONLY___ ═
2024-10-16 13:23:15,512 INFO     ___FILE_ONLY___ ═
2024-10-16 13:23:15,513 INFO     ___FILE_ONLY___ ═
2024-10-16 13:23:15,513 INFO     ___FILE_ONLY___ ═
2024-10-16 13:23:15,513 INFO     ___FILE_ONLY___ ═
2024-10-16 13:23:15,514 INFO     ___FILE_ONLY___ ═
2024-10-16 13:23:15,514 INFO     ___FILE_ONLY___ ═
2024-10-16 13:23:15,514 INFO     ___FILE_ONLY___ ═
2024-10-16 13:23:15,515 INFO     ___FILE_ONLY___ ═
2024-10-16 13:23:15,515 INFO     ___FILE_ONLY___ ═
2024-10-16 13:23:15,515 INFO     ___FILE_ONLY___ ═
2024-10-16 13:23:15,516 INFO     ___FILE_ONLY___ ═
2024-10-16 13:23:15,516 INFO     ___FILE_ONLY___ ═
2024-10-16 13:23:15,516 INFO     ___FILE_ONLY___ ═
2024-10-16 13:23:15,517 INFO     ___FILE_ONLY___ ═
2024-10-16 13:23:15,517 INFO     ___FILE_ONLY___ ═
2024-10-16 13:23:15,517 INFO     ___FILE_ONLY___ ═
2024-10-16 13:23:15,518 INFO     ___FILE_ONLY___ ═
2024-10-16 13:23:15,518 INFO     ___FILE_ONLY___ ═
2024-10-16 13:23:15,519 INFO     ___FILE_ONLY___ ═
2024-10-16 13:23:15,519 INFO     ___FILE_ONLY___ ═
2024-10-16 13:23:15,519 INFO     ___FILE_ONLY___ ═
2024-10-16 13:23:15,520 INFO     ___FILE_ONLY___ ═
2024-10-16 13:23:15,520 INFO     ___FILE_ONLY___ ═
2024-10-16 13:23:15,520 INFO     ___FILE_ONLY___ ═
2024-10-16 13:23:15,521 INFO     ___FILE_ONLY___ ═
2024-10-16 13:23:15,521 INFO     ___FILE_ONLY___ ═
2024-10-16 13:23:15,521 INFO     ___FILE_ONLY___ ═
2024-10-16 13:23:15,522 INFO     ___FILE_ONLY___ ═
2024-10-16 13:23:15,522 INFO     ___FILE_ONLY___ ═
2024-10-16 13:23:15,522 INFO     ___FILE_ONLY___ ═
2024-10-16 13:23:15,523 INFO     ___FILE_ONLY___ ═
2024-10-16 13:23:15,523 INFO     ___FILE_ONLY___ ═
2024-10-16 13:23:15,523 INFO     ___FILE_ONLY___ ═
2024-10-16 13:23:15,524 INFO     ___FILE_ONLY___ ═
2024-10-16 13:23:15,524 INFO     ___FILE_ONLY___ ═
2024-10-16 13:23:15,524 INFO     ___FILE_ONLY___ ═
2024-10-16 13:23:15,525 INFO     ___FILE_ONLY___ ═
2024-10-16 13:23:15,525 INFO     ___FILE_ONLY___ ═
2024-10-16 13:23:15,525 INFO     ___FILE_ONLY___ ═
2024-10-16 13:23:15,526 INFO     ___FILE_ONLY___ ═
2024-10-16 13:23:15,526 INFO     ___FILE_ONLY___ ═
2024-10-16 13:23:15,526 INFO     ___FILE_ONLY___ ═
2024-10-16 13:23:15,527 INFO     ___FILE_ONLY___ ═
2024-10-16 13:23:15,527 INFO     ___FILE_ONLY___ ═
2024-10-16 13:23:15,527 INFO     ___FILE_ONLY___ ═
2024-10-16 13:23:15,528 INFO     ___FILE_ONLY___ ═
2024-10-16 13:23:15,528 INFO     ___FILE_ONLY___ ═
2024-10-16 13:23:15,529 INFO     ___FILE_ONLY___ ═
2024-10-16 13:23:15,529 INFO     ___FILE_ONLY___ ═
2024-10-16 13:23:15,529 INFO     ___FILE_ONLY___ ╝

2024-10-16 13:23:15,531 INFO     ___FILE_ONLY___ ╔════════════════════════════════════════════════════════════╗

2024-10-16 13:23:15,531 INFO     ___FILE_ONLY___ ╠═ Downloading: Cloud Storage Command Line Tool (Platfor... ═╣

2024-10-16 13:23:15,532 INFO     ___FILE_ONLY___ ╚
2024-10-16 13:23:15,535 DEBUG    urllib3.connectionpool Starting new HTTPS connection (1): dl.google.com:443
2024-10-16 13:23:15,606 DEBUG    urllib3.connectionpool https://dl.google.com:443 "GET /dl/cloudsdk/channels/rapid/components/google-cloud-sdk-gsutil-nix-20240830134514.tar.gz HTTP/1.1" 200 1928
2024-10-16 13:23:15,607 INFO     ___FILE_ONLY___ ════════════════════════════════════════════════════════════
2024-10-16 13:23:15,607 INFO     ___FILE_ONLY___ ╝

2024-10-16 13:23:15,610 INFO     ___FILE_ONLY___ ╔════════════════════════════════════════════════════════════╗

2024-10-16 13:23:15,610 INFO     ___FILE_ONLY___ ╠═ Downloading: Default set of gcloud commands              ═╣

2024-10-16 13:23:15,610 INFO     ___FILE_ONLY___ ╚
2024-10-16 13:23:15,610 INFO     ___FILE_ONLY___ ════════════════════════════════════════════════════════════
2024-10-16 13:23:15,610 INFO     ___FILE_ONLY___ ╝

2024-10-16 13:23:15,612 INFO     ___FILE_ONLY___ ╔════════════════════════════════════════════════════════════╗

2024-10-16 13:23:15,612 INFO     ___FILE_ONLY___ ╠═ Downloading: Google Cloud CLI Core Libraries (Platfor... ═╣

2024-10-16 13:23:15,612 INFO     ___FILE_ONLY___ ╚
2024-10-16 13:23:15,616 DEBUG    urllib3.connectionpool Starting new HTTPS connection (1): dl.google.com:443
2024-10-16 13:23:15,688 DEBUG    urllib3.connectionpool https://dl.google.com:443 "GET /dl/cloudsdk/channels/rapid/components/google-cloud-sdk-core-nix-20240830134514.tar.gz HTTP/1.1" 200 2306
2024-10-16 13:23:15,689 INFO     ___FILE_ONLY___ ════════════════════════════════════════════════════════════
2024-10-16 13:23:15,689 INFO     ___FILE_ONLY___ ╝

2024-10-16 13:23:15,691 INFO     ___FILE_ONLY___ ╔════════════════════════════════════════════════════════════╗

2024-10-16 13:23:15,691 INFO     ___FILE_ONLY___ ╠═ Downloading: Google Cloud CRC32C Hash Tool               ═╣

2024-10-16 13:23:15,691 INFO     ___FILE_ONLY___ ╚
2024-10-16 13:23:15,692 INFO     ___FILE_ONLY___ ════════════════════════════════════════════════════════════
2024-10-16 13:23:15,692 INFO     ___FILE_ONLY___ ╝

2024-10-16 13:23:15,693 INFO     ___FILE_ONLY___ ╔════════════════════════════════════════════════════════════╗

2024-10-16 13:23:15,694 INFO     ___FILE_ONLY___ ╠═ Downloading: Google Cloud CRC32C Hash Tool (Platform ... ═╣

2024-10-16 13:23:15,694 INFO     ___FILE_ONLY___ ╚
2024-10-16 13:23:15,697 DEBUG    urllib3.connectionpool Starting new HTTPS connection (1): dl.google.com:443
2024-10-16 13:23:15,791 DEBUG    urllib3.connectionpool https://dl.google.com:443 "GET /dl/cloudsdk/channels/rapid/components/google-cloud-sdk-gcloud-crc32c-linux-x86_64-20240712142834.tar.gz HTTP/1.1" 200 1350263
2024-10-16 13:23:15,854 INFO     ___FILE_ONLY___ ═
2024-10-16 13:23:15,854 INFO     ___FILE_ONLY___ ═
2024-10-16 13:23:15,854 INFO     ___FILE_ONLY___ ═
2024-10-16 13:23:15,855 INFO     ___FILE_ONLY___ ═
2024-10-16 13:23:15,855 INFO     ___FILE_ONLY___ ═
2024-10-16 13:23:15,855 INFO     ___FILE_ONLY___ ═
2024-10-16 13:23:15,855 INFO     ___FILE_ONLY___ ═
2024-10-16 13:23:15,855 INFO     ___FILE_ONLY___ ═
2024-10-16 13:23:15,855 INFO     ___FILE_ONLY___ ═
2024-10-16 13:23:15,855 INFO     ___FILE_ONLY___ ═
2024-10-16 13:23:15,855 INFO     ___FILE_ONLY___ ═
2024-10-16 13:23:15,855 INFO     ___FILE_ONLY___ ═
2024-10-16 13:23:15,856 INFO     ___FILE_ONLY___ ═
2024-10-16 13:23:15,856 INFO     ___FILE_ONLY___ ═
2024-10-16 13:23:15,856 INFO     ___FILE_ONLY___ ═
2024-10-16 13:23:15,856 INFO     ___FILE_ONLY___ ═
2024-10-16 13:23:15,856 INFO     ___FILE_ONLY___ ═
2024-10-16 13:23:15,856 INFO     ___FILE_ONLY___ ═
2024-10-16 13:23:15,856 INFO     ___FILE_ONLY___ ═
2024-10-16 13:23:15,856 INFO     ___FILE_ONLY___ ═
2024-10-16 13:23:15,856 INFO     ___FILE_ONLY___ ═
2024-10-16 13:23:15,857 INFO     ___FILE_ONLY___ ═
2024-10-16 13:23:15,857 INFO     ___FILE_ONLY___ ═
2024-10-16 13:23:15,857 INFO     ___FILE_ONLY___ ═
2024-10-16 13:23:15,857 INFO     ___FILE_ONLY___ ═
2024-10-16 13:23:15,857 INFO     ___FILE_ONLY___ ═
2024-10-16 13:23:15,857 INFO     ___FILE_ONLY___ ═
2024-10-16 13:23:15,857 INFO     ___FILE_ONLY___ ═
2024-10-16 13:23:15,857 INFO     ___FILE_ONLY___ ═
2024-10-16 13:23:15,857 INFO     ___FILE_ONLY___ ═
2024-10-16 13:23:15,857 INFO     ___FILE_ONLY___ ═
2024-10-16 13:23:15,858 INFO     ___FILE_ONLY___ ═
2024-10-16 13:23:15,858 INFO     ___FILE_ONLY___ ═
2024-10-16 13:23:15,858 INFO     ___FILE_ONLY___ ═
2024-10-16 13:23:15,858 INFO     ___FILE_ONLY___ ═
2024-10-16 13:23:15,858 INFO     ___FILE_ONLY___ ═
2024-10-16 13:23:15,858 INFO     ___FILE_ONLY___ ═
2024-10-16 13:23:15,858 INFO     ___FILE_ONLY___ ═
2024-10-16 13:23:15,858 INFO     ___FILE_ONLY___ ═
2024-10-16 13:23:15,858 INFO     ___FILE_ONLY___ ═
2024-10-16 13:23:15,858 INFO     ___FILE_ONLY___ ═
2024-10-16 13:23:15,859 INFO     ___FILE_ONLY___ ═
2024-10-16 13:23:15,859 INFO     ___FILE_ONLY___ ═
2024-10-16 13:23:15,859 INFO     ___FILE_ONLY___ ═
2024-10-16 13:23:15,859 INFO     ___FILE_ONLY___ ═
2024-10-16 13:23:15,859 INFO     ___FILE_ONLY___ ═
2024-10-16 13:23:15,859 INFO     ___FILE_ONLY___ ═
2024-10-16 13:23:15,859 INFO     ___FILE_ONLY___ ═
2024-10-16 13:23:15,859 INFO     ___FILE_ONLY___ ═
2024-10-16 13:23:15,859 INFO     ___FILE_ONLY___ ═
2024-10-16 13:23:15,860 INFO     ___FILE_ONLY___ ═
2024-10-16 13:23:15,860 INFO     ___FILE_ONLY___ ═
2024-10-16 13:23:15,860 INFO     ___FILE_ONLY___ ═
2024-10-16 13:23:15,860 INFO     ___FILE_ONLY___ ═
2024-10-16 13:23:15,860 INFO     ___FILE_ONLY___ ═
2024-10-16 13:23:15,860 INFO     ___FILE_ONLY___ ═
2024-10-16 13:23:15,860 INFO     ___FILE_ONLY___ ═
2024-10-16 13:23:15,860 INFO     ___FILE_ONLY___ ═
2024-10-16 13:23:15,860 INFO     ___FILE_ONLY___ ═
2024-10-16 13:23:15,860 INFO     ___FILE_ONLY___ ═
2024-10-16 13:23:15,861 INFO     ___FILE_ONLY___ ╝

2024-10-16 13:23:15,863 INFO     ___FILE_ONLY___ ╔════════════════════════════════════════════════════════════╗

2024-10-16 13:23:15,863 INFO     ___FILE_ONLY___ ╠═ Downloading: gcloud cli dependencies (Platform Specific) ═╣

2024-10-16 13:23:15,863 INFO     ___FILE_ONLY___ ╚
2024-10-16 13:23:15,866 DEBUG    urllib3.connectionpool Starting new HTTPS connection (1): dl.google.com:443
2024-10-16 13:23:15,999 DEBUG    urllib3.connectionpool https://dl.google.com:443 "GET /dl/cloudsdk/channels/rapid/components/google-cloud-sdk-gcloud-deps-linux-x86_64-20210416153011.tar.gz HTTP/1.1" 200 104
2024-10-16 13:23:16,000 INFO     ___FILE_ONLY___ ════════════════════════════════════════════════════════════
2024-10-16 13:23:16,000 INFO     ___FILE_ONLY___ ╝

2024-10-16 13:23:16,002 INFO     ___FILE_ONLY___ ╔════════════════════════════════════════════════════════════╗

2024-10-16 13:23:16,002 INFO     ___FILE_ONLY___ ╠═ Installing: BigQuery Command Line Tool                   ═╣

2024-10-16 13:23:16,002 INFO     ___FILE_ONLY___ ╚
2024-10-16 13:23:16,125 INFO     ___FILE_ONLY___ ═
2024-10-16 13:23:16,128 INFO     ___FILE_ONLY___ ═
2024-10-16 13:23:16,130 INFO     ___FILE_ONLY___ ═
2024-10-16 13:23:16,133 INFO     ___FILE_ONLY___ ═
2024-10-16 13:23:16,136 INFO     ___FILE_ONLY___ ═
2024-10-16 13:23:16,138 INFO     ___FILE_ONLY___ ═
2024-10-16 13:23:16,141 INFO     ___FILE_ONLY___ ═
2024-10-16 13:23:16,143 INFO     ___FILE_ONLY___ ═
2024-10-16 13:23:16,146 INFO     ___FILE_ONLY___ ═
2024-10-16 13:23:16,148 INFO     ___FILE_ONLY___ ═
2024-10-16 13:23:16,150 INFO     ___FILE_ONLY___ ═
2024-10-16 13:23:16,153 INFO     ___FILE_ONLY___ ═
2024-10-16 13:23:16,155 INFO     ___FILE_ONLY___ ═
2024-10-16 13:23:16,158 INFO     ___FILE_ONLY___ ═
2024-10-16 13:23:16,160 INFO     ___FILE_ONLY___ ═
2024-10-16 13:23:16,163 INFO     ___FILE_ONLY___ ═
2024-10-16 13:23:16,165 INFO     ___FILE_ONLY___ ═
2024-10-16 13:23:16,169 INFO     ___FILE_ONLY___ ═
2024-10-16 13:23:16,171 INFO     ___FILE_ONLY___ ═
2024-10-16 13:23:16,174 INFO     ___FILE_ONLY___ ═
2024-10-16 13:23:16,176 INFO     ___FILE_ONLY___ ═
2024-10-16 13:23:16,179 INFO     ___FILE_ONLY___ ═
2024-10-16 13:23:16,181 INFO     ___FILE_ONLY___ ═
2024-10-16 13:23:16,183 INFO     ___FILE_ONLY___ ═
2024-10-16 13:23:16,186 INFO     ___FILE_ONLY___ ═
2024-10-16 13:23:16,188 INFO     ___FILE_ONLY___ ═
2024-10-16 13:23:16,190 INFO     ___FILE_ONLY___ ═
2024-10-16 13:23:16,192 INFO     ___FILE_ONLY___ ═
2024-10-16 13:23:16,196 INFO     ___FILE_ONLY___ ═
2024-10-16 13:23:16,199 INFO     ___FILE_ONLY___ ═
2024-10-16 13:23:16,201 INFO     ___FILE_ONLY___ ═
2024-10-16 13:23:16,203 INFO     ___FILE_ONLY___ ═
2024-10-16 13:23:16,207 INFO     ___FILE_ONLY___ ═
2024-10-16 13:23:16,211 INFO     ___FILE_ONLY___ ═
2024-10-16 13:23:16,220 INFO     ___FILE_ONLY___ ═
2024-10-16 13:23:16,221 INFO     ___FILE_ONLY___ ═
2024-10-16 13:23:16,224 INFO     ___FILE_ONLY___ ═
2024-10-16 13:23:16,229 INFO     ___FILE_ONLY___ ═
2024-10-16 13:23:16,232 INFO     ___FILE_ONLY___ ═
2024-10-16 13:23:16,234 INFO     ___FILE_ONLY___ ═
2024-10-16 13:23:16,237 INFO     ___FILE_ONLY___ ═
2024-10-16 13:23:16,239 INFO     ___FILE_ONLY___ ═
2024-10-16 13:23:16,244 INFO     ___FILE_ONLY___ ═
2024-10-16 13:23:16,247 INFO     ___FILE_ONLY___ ═
2024-10-16 13:23:16,249 INFO     ___FILE_ONLY___ ═
2024-10-16 13:23:16,251 INFO     ___FILE_ONLY___ ═
2024-10-16 13:23:16,254 INFO     ___FILE_ONLY___ ═
2024-10-16 13:23:16,256 INFO     ___FILE_ONLY___ ═
2024-10-16 13:23:16,258 INFO     ___FILE_ONLY___ ═
2024-10-16 13:23:16,261 INFO     ___FILE_ONLY___ ═
2024-10-16 13:23:16,263 INFO     ___FILE_ONLY___ ═
2024-10-16 13:23:16,265 INFO     ___FILE_ONLY___ ═
2024-10-16 13:23:16,267 INFO     ___FILE_ONLY___ ═
2024-10-16 13:23:16,270 INFO     ___FILE_ONLY___ ═
2024-10-16 13:23:16,273 INFO     ___FILE_ONLY___ ═
2024-10-16 13:23:16,274 INFO     ___FILE_ONLY___ ═
2024-10-16 13:23:16,276 INFO     ___FILE_ONLY___ ═
2024-10-16 13:23:16,279 INFO     ___FILE_ONLY___ ═
2024-10-16 13:23:16,281 INFO     ___FILE_ONLY___ ═
2024-10-16 13:23:16,284 INFO     ___FILE_ONLY___ ═
2024-10-16 13:23:16,284 INFO     ___FILE_ONLY___ ╝

2024-10-16 13:23:16,300 INFO     ___FILE_ONLY___ ╔════════════════════════════════════════════════════════════╗

2024-10-16 13:23:16,300 INFO     ___FILE_ONLY___ ╠═ Installing: BigQuery Command Line Tool (Platform Spec... ═╣

2024-10-16 13:23:16,300 INFO     ___FILE_ONLY___ ╚
2024-10-16 13:23:16,301 INFO     ___FILE_ONLY___ ════════════════════════════════════════════════════════════
2024-10-16 13:23:16,301 INFO     ___FILE_ONLY___ ╝

2024-10-16 13:23:16,309 INFO     ___FILE_ONLY___ ╔════════════════════════════════════════════════════════════╗

2024-10-16 13:23:16,309 INFO     ___FILE_ONLY___ ╠═ Installing: Bundled Python 3.11                          ═╣

2024-10-16 13:23:16,309 INFO     ___FILE_ONLY___ ╚
2024-10-16 13:23:16,315 INFO     ___FILE_ONLY___ ════════════════════════════════════════════════════════════
2024-10-16 13:23:16,315 INFO     ___FILE_ONLY___ ╝

2024-10-16 13:23:16,317 INFO     ___FILE_ONLY___ ╔════════════════════════════════════════════════════════════╗

2024-10-16 13:23:16,317 INFO     ___FILE_ONLY___ ╠═ Installing: Bundled Python 3.11 (Platform Specific)      ═╣

2024-10-16 13:23:16,317 INFO     ___FILE_ONLY___ ╚
2024-10-16 13:23:18,480 INFO     ___FILE_ONLY___ ═
2024-10-16 13:23:18,499 INFO     ___FILE_ONLY___ ═
2024-10-16 13:23:18,515 INFO     ___FILE_ONLY___ ═
2024-10-16 13:23:18,528 INFO     ___FILE_ONLY___ ═
2024-10-16 13:23:18,542 INFO     ___FILE_ONLY___ ═
2024-10-16 13:23:18,556 INFO     ___FILE_ONLY___ ═
2024-10-16 13:23:18,570 INFO     ___FILE_ONLY___ ═
2024-10-16 13:23:18,585 INFO     ___FILE_ONLY___ ═
2024-10-16 13:23:18,598 INFO     ___FILE_ONLY___ ═
2024-10-16 13:23:18,612 INFO     ___FILE_ONLY___ ═
2024-10-16 13:23:18,625 INFO     ___FILE_ONLY___ ═
2024-10-16 13:23:18,638 INFO     ___FILE_ONLY___ ═
2024-10-16 13:23:18,652 INFO     ___FILE_ONLY___ ═
2024-10-16 13:23:18,666 INFO     ___FILE_ONLY___ ═
2024-10-16 13:23:18,680 INFO     ___FILE_ONLY___ ═
2024-10-16 13:23:18,694 INFO     ___FILE_ONLY___ ═
2024-10-16 13:23:18,707 INFO     ___FILE_ONLY___ ═
2024-10-16 13:23:18,721 INFO     ___FILE_ONLY___ ═
2024-10-16 13:23:18,734 INFO     ___FILE_ONLY___ ═
2024-10-16 13:23:18,748 INFO     ___FILE_ONLY___ ═
2024-10-16 13:23:18,762 INFO     ___FILE_ONLY___ ═
2024-10-16 13:23:18,775 INFO     ___FILE_ONLY___ ═
2024-10-16 13:23:18,789 INFO     ___FILE_ONLY___ ═
2024-10-16 13:23:18,802 INFO     ___FILE_ONLY___ ═
2024-10-16 13:23:18,815 INFO     ___FILE_ONLY___ ═
2024-10-16 13:23:18,830 INFO     ___FILE_ONLY___ ═
2024-10-16 13:23:18,843 INFO     ___FILE_ONLY___ ═
2024-10-16 13:23:18,857 INFO     ___FILE_ONLY___ ═
2024-10-16 13:23:18,871 INFO     ___FILE_ONLY___ ═
2024-10-16 13:23:18,884 INFO     ___FILE_ONLY___ ═
2024-10-16 13:23:18,897 INFO     ___FILE_ONLY___ ═
2024-10-16 13:23:18,911 INFO     ___FILE_ONLY___ ═
2024-10-16 13:23:18,924 INFO     ___FILE_ONLY___ ═
2024-10-16 13:23:18,938 INFO     ___FILE_ONLY___ ═
2024-10-16 13:23:18,952 INFO     ___FILE_ONLY___ ═
2024-10-16 13:23:18,966 INFO     ___FILE_ONLY___ ═
2024-10-16 13:23:19,706 INFO     ___FILE_ONLY___ ═
2024-10-16 13:23:19,732 INFO     ___FILE_ONLY___ ═
2024-10-16 13:23:19,759 INFO     ___FILE_ONLY___ ═
2024-10-16 13:23:19,782 INFO     ___FILE_ONLY___ ═
2024-10-16 13:23:19,806 INFO     ___FILE_ONLY___ ═
2024-10-16 13:23:19,948 INFO     ___FILE_ONLY___ ═
2024-10-16 13:23:19,979 INFO     ___FILE_ONLY___ ═
2024-10-16 13:23:19,999 INFO     ___FILE_ONLY___ ═
2024-10-16 13:23:20,017 INFO     ___FILE_ONLY___ ═
2024-10-16 13:23:20,037 INFO     ___FILE_ONLY___ ═
2024-10-16 13:23:20,068 INFO     ___FILE_ONLY___ ═
2024-10-16 13:23:20,092 INFO     ___FILE_ONLY___ ═
2024-10-16 13:23:20,110 INFO     ___FILE_ONLY___ ═
2024-10-16 13:23:20,126 INFO     ___FILE_ONLY___ ═
2024-10-16 13:23:20,221 INFO     ___FILE_ONLY___ ═
2024-10-16 13:23:20,241 INFO     ___FILE_ONLY___ ═
2024-10-16 13:23:20,262 INFO     ___FILE_ONLY___ ═
2024-10-16 13:23:20,281 INFO     ___FILE_ONLY___ ═
2024-10-16 13:23:20,329 INFO     ___FILE_ONLY___ ═
2024-10-16 13:23:20,710 INFO     ___FILE_ONLY___ ═
2024-10-16 13:23:20,730 INFO     ___FILE_ONLY___ ═
2024-10-16 13:23:20,754 INFO     ___FILE_ONLY___ ═
2024-10-16 13:23:20,775 INFO     ___FILE_ONLY___ ═
2024-10-16 13:23:21,176 INFO     ___FILE_ONLY___ ═
2024-10-16 13:23:21,176 INFO     ___FILE_ONLY___ ╝

2024-10-16 13:23:21,286 INFO     ___FILE_ONLY___ ╔════════════════════════════════════════════════════════════╗

2024-10-16 13:23:21,286 INFO     ___FILE_ONLY___ ╠═ Installing: Cloud Storage Command Line Tool              ═╣

2024-10-16 13:23:21,286 INFO     ___FILE_ONLY___ ╚
2024-10-16 13:23:21,955 INFO     ___FILE_ONLY___ ═
2024-10-16 13:23:21,972 INFO     ___FILE_ONLY___ ═
2024-10-16 13:23:21,992 INFO     ___FILE_ONLY___ ═
2024-10-16 13:23:22,013 INFO     ___FILE_ONLY___ ═
2024-10-16 13:23:22,027 INFO     ___FILE_ONLY___ ═
2024-10-16 13:23:22,037 INFO     ___FILE_ONLY___ ═
2024-10-16 13:23:22,047 INFO     ___FILE_ONLY___ ═
2024-10-16 13:23:22,057 INFO     ___FILE_ONLY___ ═
2024-10-16 13:23:22,067 INFO     ___FILE_ONLY___ ═
2024-10-16 13:23:22,078 INFO     ___FILE_ONLY___ ═
2024-10-16 13:23:22,090 INFO     ___FILE_ONLY___ ═
2024-10-16 13:23:22,101 INFO     ___FILE_ONLY___ ═
2024-10-16 13:23:22,113 INFO     ___FILE_ONLY___ ═
2024-10-16 13:23:22,124 INFO     ___FILE_ONLY___ ═
2024-10-16 13:23:22,137 INFO     ___FILE_ONLY___ ═
2024-10-16 13:23:22,151 INFO     ___FILE_ONLY___ ═
2024-10-16 13:23:22,166 INFO     ___FILE_ONLY___ ═
2024-10-16 13:23:22,181 INFO     ___FILE_ONLY___ ═
2024-10-16 13:23:22,194 INFO     ___FILE_ONLY___ ═
2024-10-16 13:23:22,208 INFO     ___FILE_ONLY___ ═
2024-10-16 13:23:22,223 INFO     ___FILE_ONLY___ ═
2024-10-16 13:23:22,239 INFO     ___FILE_ONLY___ ═
2024-10-16 13:23:22,252 INFO     ___FILE_ONLY___ ═
2024-10-16 13:23:22,264 INFO     ___FILE_ONLY___ ═
2024-10-16 13:23:22,279 INFO     ___FILE_ONLY___ ═
2024-10-16 13:23:22,295 INFO     ___FILE_ONLY___ ═
2024-10-16 13:23:22,311 INFO     ___FILE_ONLY___ ═
2024-10-16 13:23:22,330 INFO     ___FILE_ONLY___ ═
2024-10-16 13:23:22,352 INFO     ___FILE_ONLY___ ═
2024-10-16 13:23:22,365 INFO     ___FILE_ONLY___ ═
2024-10-16 13:23:22,375 INFO     ___FILE_ONLY___ ═
2024-10-16 13:23:22,388 INFO     ___FILE_ONLY___ ═
2024-10-16 13:23:22,399 INFO     ___FILE_ONLY___ ═
2024-10-16 13:23:22,408 INFO     ___FILE_ONLY___ ═
2024-10-16 13:23:22,420 INFO     ___FILE_ONLY___ ═
2024-10-16 13:23:22,433 INFO     ___FILE_ONLY___ ═
2024-10-16 13:23:22,444 INFO     ___FILE_ONLY___ ═
2024-10-16 13:23:22,454 INFO     ___FILE_ONLY___ ═
2024-10-16 13:23:22,465 INFO     ___FILE_ONLY___ ═
2024-10-16 13:23:22,477 INFO     ___FILE_ONLY___ ═
2024-10-16 13:23:22,518 INFO     ___FILE_ONLY___ ═
2024-10-16 13:23:22,534 INFO     ___FILE_ONLY___ ═
2024-10-16 13:23:22,546 INFO     ___FILE_ONLY___ ═
2024-10-16 13:23:22,559 INFO     ___FILE_ONLY___ ═
2024-10-16 13:23:22,569 INFO     ___FILE_ONLY___ ═
2024-10-16 13:23:22,579 INFO     ___FILE_ONLY___ ═
2024-10-16 13:23:22,591 INFO     ___FILE_ONLY___ ═
2024-10-16 13:23:22,603 INFO     ___FILE_ONLY___ ═
2024-10-16 13:23:22,622 INFO     ___FILE_ONLY___ ═
2024-10-16 13:23:22,633 INFO     ___FILE_ONLY___ ═
2024-10-16 13:23:22,644 INFO     ___FILE_ONLY___ ═
2024-10-16 13:23:22,654 INFO     ___FILE_ONLY___ ═
2024-10-16 13:23:22,670 INFO     ___FILE_ONLY___ ═
2024-10-16 13:23:22,683 INFO     ___FILE_ONLY___ ═
2024-10-16 13:23:22,701 INFO     ___FILE_ONLY___ ═
2024-10-16 13:23:22,718 INFO     ___FILE_ONLY___ ═
2024-10-16 13:23:22,732 INFO     ___FILE_ONLY___ ═
2024-10-16 13:23:22,744 INFO     ___FILE_ONLY___ ═
2024-10-16 13:23:22,755 INFO     ___FILE_ONLY___ ═
2024-10-16 13:23:22,767 INFO     ___FILE_ONLY___ ═
2024-10-16 13:23:22,767 INFO     ___FILE_ONLY___ ╝

2024-10-16 13:23:22,843 INFO     ___FILE_ONLY___ ╔════════════════════════════════════════════════════════════╗

2024-10-16 13:23:22,843 INFO     ___FILE_ONLY___ ╠═ Installing: Cloud Storage Command Line Tool (Platform... ═╣

2024-10-16 13:23:22,843 INFO     ___FILE_ONLY___ ╚
2024-10-16 13:23:22,844 INFO     ___FILE_ONLY___ ════════════════════════════════════════════════════════════
2024-10-16 13:23:22,844 INFO     ___FILE_ONLY___ ╝

2024-10-16 13:23:22,851 INFO     ___FILE_ONLY___ ╔════════════════════════════════════════════════════════════╗

2024-10-16 13:23:22,851 INFO     ___FILE_ONLY___ ╠═ Installing: Default set of gcloud commands               ═╣

2024-10-16 13:23:22,851 INFO     ___FILE_ONLY___ ╚
2024-10-16 13:23:22,857 INFO     ___FILE_ONLY___ ════════════════════════════════════════════════════════════
2024-10-16 13:23:22,857 INFO     ___FILE_ONLY___ ╝

2024-10-16 13:23:22,859 INFO     ___FILE_ONLY___ ╔════════════════════════════════════════════════════════════╗

2024-10-16 13:23:22,859 INFO     ___FILE_ONLY___ ╠═ Installing: Google Cloud CLI Core Libraries (Platform... ═╣

2024-10-16 13:23:22,859 INFO     ___FILE_ONLY___ ╚
2024-10-16 13:23:22,860 INFO     ___FILE_ONLY___ ══════════════════════════════
2024-10-16 13:23:22,860 INFO     ___FILE_ONLY___ ══════════════════════════════
2024-10-16 13:23:22,860 INFO     ___FILE_ONLY___ ╝

2024-10-16 13:23:22,868 INFO     ___FILE_ONLY___ ╔════════════════════════════════════════════════════════════╗

2024-10-16 13:23:22,868 INFO     ___FILE_ONLY___ ╠═ Installing: Google Cloud CRC32C Hash Tool                ═╣

2024-10-16 13:23:22,868 INFO     ___FILE_ONLY___ ╚
2024-10-16 13:23:22,874 INFO     ___FILE_ONLY___ ════════════════════════════════════════════════════════════
2024-10-16 13:23:22,874 INFO     ___FILE_ONLY___ ╝

2024-10-16 13:23:22,876 INFO     ___FILE_ONLY___ ╔════════════════════════════════════════════════════════════╗

2024-10-16 13:23:22,876 INFO     ___FILE_ONLY___ ╠═ Installing: Google Cloud CRC32C Hash Tool (Platform S... ═╣

2024-10-16 13:23:22,876 INFO     ___FILE_ONLY___ ╚
2024-10-16 13:23:22,913 INFO     ___FILE_ONLY___ ══════════════════════════════
2024-10-16 13:23:22,914 INFO     ___FILE_ONLY___ ══════════════════════════════
2024-10-16 13:23:22,914 INFO     ___FILE_ONLY___ ╝

2024-10-16 13:23:22,922 INFO     ___FILE_ONLY___ ╔════════════════════════════════════════════════════════════╗

2024-10-16 13:23:22,923 INFO     ___FILE_ONLY___ ╠═ Installing: gcloud cli dependencies (Platform Specific)  ═╣

2024-10-16 13:23:22,923 INFO     ___FILE_ONLY___ ╚
2024-10-16 13:23:22,923 INFO     ___FILE_ONLY___ ════════════════════════════════════════════════════════════
2024-10-16 13:23:22,923 INFO     ___FILE_ONLY___ ╝

2024-10-16 13:23:22,933 DEBUG    root            Updating notification cache...
2024-10-16 13:23:22,933 INFO     ___FILE_ONLY___ 

2024-10-16 13:23:22,936 INFO     ___FILE_ONLY___ Performing post processing steps...
2024-10-16 13:23:22,936 DEBUG    root            Executing command: ['/tools/google-cloud-sdk/bin/gcloud', 'components', 'post-process']
2024-10-16 13:23:34,168 DEBUG    ___FILE_ONLY___ 
2024-10-16 13:23:34,168 DEBUG    ___FILE_ONLY___ 
2024-10-16 13:23:34,244 INFO     ___FILE_ONLY___ 
Update done!


2024-10-16 13:23:34,247 DEBUG    root            Chosen display Format:none
2024-10-16 13:23:34,248 INFO     root            Display format: "none"
